[api-health-sweep] tag=API_HEALTH_SWEEP_APR2026 sha=8cc715bad5227c7df5baee799218903b00d63750
[api-health-sweep] base=https://app.abellumber.com
[api-health-sweep] found 670 route.ts files
  progress: 25/670
  progress: 50/670
  progress: 100/670
  progress: 125/670
  progress: 150/670
  progress: 200/670
  progress: 250/670
  progress: 275/670
  progress: 300/670
  progress: 325/670
  progress: 350/670
  progress: 400/670
  progress: 450/670
  progress: 500/670
  progress: 525/670
  progress: 550/670
  progress: 575/670
  progress: 600/670
  progress: 625/670

===== REPORT =====
# Aegis API Health Sweep Report

- **Source tag:** API_HEALTH_SWEEP_APR2026
- **Git SHA:** 8cc715bad5227c7df5baee799218903b00d63750
- **Base URL:** https://app.abellumber.com
- **Started:** 2026-04-23T04:41:53.807Z
- **Finished:** 2026-04-23T04:47:22.920Z
- **Duration:** 329.1s
- **Total routes on disk:** 670

## Summary

| Classification | Count |
|---|---|
| public-ok | 10 |
| protected-ok | 492 |
| broken | 2 |
| parse-failure | 0 |
| unexpected | 0 |
| skipped | 166 |

- **InboxItems created:** 2

## Broken (5xx / no response) — 2

| URL | Status | Note | Duration (ms) |
|---|---|---|---|
| `/api/door/[id]` | 500 | HTTP 500 | 206 |
| `/api/ops/handbook` | 500 | HTTP 500 | 251 |

## Unexpected (non-5xx but unusual) — 0

_None._

## Methodology

- Enumerated every `src/app/api/**/route.ts` on disk.
- Parsed allowed methods via regex on `export (async )?function <VERB>`.
- Sent anonymous `GET` (no cookies, no tokens). No writes, no POSTs.
- Routes under `/api/ops/`, `/api/admin/`, `/api/v1/engine/` treated as protected; 401/403/404/405/redirect = healthy.
- Routes with dynamic segments (`[id]`) were probed with the literal bracket path; 404/400 is acceptable there.
- Rate-limited to ~2 req/sec with a 30s timeout per request.

---
_Generated by `scripts/api-health-sweep.ts` — tag API_HEALTH_SWEEP_APR2026. Read-only._

==================
[api-health-sweep] wrote C:\Users\natha\OneDrive\Abel Lumber\AEGIS-API-HEALTH-REPORT.md
[api-health-sweep] InboxItems created: 2
